[0.05s] [ERROR]-Missing files! Rebuilding cache required!
[0.05s] [WARNING]-Rebuilding cache system
[0.36s] [SUCCESS]-Create: Static Response Callbacks
[0.38s] [SUCCESS]-Create: Dynamic Response Callbacks
[0.38s] [SUCCESS]-Create: Cache Callback
[0.39s] [SUCCESS]-Create: Start Callback
[0.39s] [SUCCESS]-Create: Receive Callback
[0.39s] [SUCCESS]-Create: Respond Callback
[0.39s] [SUCCESS]-Create: Classes as global variables
[0.41s] [SUCCESS]-Create: Item Action Callbacks
[0.41s] -┌────────────────────────┐
[0.41s] -│ JustEmuTarkov 1.0.3    │
[0.41s] -│ « discord.gg/T66tGKa » │
[0.41s] -└────────────────────────┘
[2.78s] [SUCCESS]-[LootFix] Settings applied
[4.19s] [SUCCESS]-[MOD] LootFix; Applied
[4.19s] [SUCCESS]-[MOD] BetterBundles; Applied
[4.22s] [SUCCESS]-Server is working at: https://127.0.0.1:443
[9.92s] [LOCAL] -/singleplayer/bundles
[10.61s] [LOCAL] -/singleplayer/bundles
[10.74s] [LOCAL] -/mode/offline
[31.71s] [AID021720433613205982Bav][LOCAL] -/client/game/start
[31.77s] [AID021720433613205982Bav][LOCAL] -/client/menu/locale/en
[31.82s] [AID021720433613205982Bav][LOCAL] -/client/game/version/validate
[31.85s] [AID021720433613205982Bav][LOCAL] -/client/languages
[31.90s] [AID021720433613205982Bav][LOCAL] -/client/game/config
[32.83s] [AID021720433613205982Bav][LOCAL] -/client/items
[42.05s] [AID021720433613205982Bav][LOCAL] -/client/customization
[42.10s] [AID021720433613205982Bav][LOCAL] -/client/globals
[42.62s] [AID021720433613205982Bav][LOCAL] -/client/game/profile/list
[43.43s] [AID021720433613205982Bav][LOCAL] -/client/game/profile/select
[43.47s] [AID021720433613205982Bav][LOCAL] -/client/profile/status
[43.51s] [AID021720433613205982Bav][LOCAL] -/client/weather
[43.54s] [AID021720433613205982Bav][LOCAL] -/client/locale/en
[43.54s] [AID021720433613205982Bav][LOCAL] -/client/locations
[43.58s] [AID021720433613205982Bav][LOCAL] -/client/game/profile/select
[43.62s] [AID021720433613205982Bav][LOCAL] -/client/profile/status
[44.33s] [AID021720433613205982Bav][LOCAL] -/client/handbook/templates
[49.23s] [AID021720433613205982Bav][LOCAL] -/client/hideout/areas
[49.59s] [AID021720433613205982Bav][LOCAL] -/client/hideout/settings
[49.63s] [AID021720433613205982Bav][LOCAL] -/client/hideout/production/recipes
[50.71s] [AID021720433613205982Bav][LOCAL] -/client/hideout/production/scavcase/recipes
[50.80s] [AID021720433613205982Bav][LOCAL] -/client/handbook/builds/my/list
[50.85s] [AID021720433613205982Bav][LOCAL] -/client/quest/list
[52.56s] [AID021720433613205982Bav][LOCAL] -/client/notifier/channel/create
[53.58s] [AID021720433613205982Bav][LOCAL] -/client/mail/dialog/list
[53.63s] [AID021720433613205982Bav][LOCAL] -/client/friend/list
[53.63s] [AID021720433613205982Bav][LOCAL] -/client/friend/request/list/inbox
[53.63s] [AID021720433613205982Bav][LOCAL] -/client/friend/request/list/outbox
[53.63s] [AID021720433613205982Bav][LOCAL] -/client/profile/status
[53.63s] [AID021720433613205982Bav][LOCAL] -/client/trading/customization/storage
[53.79s] [AID021720433613205982Bav][LOCAL] -/client/server/list
[53.79s] [AID021720433613205982Bav][LOCAL] -/client/trading/api/getTradersList
[53.95s] [AID021720433613205982Bav][LOCAL] -/client/checkVersion
[58.14s] [AID021720433613205982Bav][LOCAL] -/client/trading/api/getTraderAssort/54cb50c76803fa8b248b4571
[58.22s] [AID021720433613205982Bav][LOCAL] -/client/trading/api/getUserAssortPrice/trader/54cb50c76803fa8b248b4571
[63.76s] [AID021720433613205982Bav][LOCAL] -/client/trading/api/getTraderAssort/58330581ace78e27b8b10cee
[63.83s] [AID021720433613205982Bav][LOCAL] -/client/trading/api/getUserAssortPrice/trader/58330581ace78e27b8b10cee
[66.32s] [AID021720433613205982Bav][LOCAL] -/client/trading/api/getTraderAssort/5935c25fb3acc3127c3d8cd9
[66.37s] [AID021720433613205982Bav][LOCAL] -/client/trading/api/getUserAssortPrice/trader/5935c25fb3acc3127c3d8cd9
[72.36s] [AID021720433613205982Bav][LOCAL] -/client/trading/api/getTraderAssort/5a7c2eca46aef81a7ca2145d
[72.44s] [AID021720433613205982Bav][LOCAL] -/client/trading/api/getUserAssortPrice/trader/5a7c2eca46aef81a7ca2145d
[75.86s] [AID021720433613205982Bav][LOCAL] -/client/trading/api/getTraderAssort/5ac3b934156ae10c4430e83c
[75.90s] [AID021720433613205982Bav][LOCAL] -/client/trading/api/getUserAssortPrice/trader/5ac3b934156ae10c4430e83c
[104.72s] [AID021720433613205982Bav][LOCAL] -/client/game/profile/items/moving
[106.66s] [AID021720433613205982Bav][LOCAL] -/client/game/logout
