[0.11s] [SUCCESS]-Create: Static Response Callbacks
[0.13s] [SUCCESS]-Create: Dynamic Response Callbacks
[0.14s] [SUCCESS]-Create: Cache Callback
[0.15s] [SUCCESS]-Create: Start Callback
[0.15s] [SUCCESS]-Create: Receive Callback
[0.15s] [SUCCESS]-Create: Respond Callback
[0.15s] [SUCCESS]-Create: Classes as global variables
[0.18s] [SUCCESS]-Create: Item Action Callbacks
[0.18s] -┌────────────────────────┐
[0.18s] -│ JustEmuTarkov 1.0.3    │
[0.18s] -│ « discord.gg/T66tGKa » │
[0.18s] -└────────────────────────┘
[1.75s] [SUCCESS]-[MOD] LootFix; Applied
[1.77s] [SUCCESS]-Server is working at: https://127.0.0.1:443
[6.63s] [LOCAL] -/launcher/server/connect
[9.52s] [LOCAL] -/launcher/profile/login
[9.53s] [LOCAL] -/launcher/profile/get
[16.06s] [LOCAL] -/singleplayer/bundles
[16.25s] [LOCAL] -/mode/offline
[28.13s] [AID015919146370226073L4Q][LOCAL] -/client/game/start
[28.18s] [AID015919146370226073L4Q][LOCAL] -/client/menu/locale/en
[28.24s] [AID015919146370226073L4Q][LOCAL] -/client/game/version/validate
[28.27s] [AID015919146370226073L4Q][LOCAL] -/client/languages
[28.31s] [AID015919146370226073L4Q][LOCAL] -/client/game/config
[29.40s] [AID015919146370226073L4Q][LOCAL] -/client/items
[39.13s] [AID015919146370226073L4Q][LOCAL] -/client/customization
[39.22s] [AID015919146370226073L4Q][LOCAL] -/client/globals
[40.05s] [AID015919146370226073L4Q][LOCAL] -/client/game/profile/list
[41.03s] [AID015919146370226073L4Q][LOCAL] -/client/game/profile/select
[41.06s] [AID015919146370226073L4Q][LOCAL] -/client/profile/status
[41.11s] [AID015919146370226073L4Q][LOCAL] -/client/weather
[41.14s] [AID015919146370226073L4Q][LOCAL] -/client/locale/en
[41.14s] [AID015919146370226073L4Q][LOCAL] -/client/locations
[41.17s] [AID015919146370226073L4Q][LOCAL] -/client/game/profile/select
[41.23s] [AID015919146370226073L4Q][LOCAL] -/client/profile/status
[41.99s] [AID015919146370226073L4Q][LOCAL] -/client/handbook/templates
[46.99s] [AID015919146370226073L4Q][LOCAL] -/client/hideout/areas
[47.39s] [AID015919146370226073L4Q][LOCAL] -/client/hideout/settings
[47.42s] [AID015919146370226073L4Q][LOCAL] -/client/hideout/production/recipes
[47.56s] [AID015919146370226073L4Q][LOCAL] -/client/hideout/production/scavcase/recipes
[48.04s] [AID015919146370226073L4Q][LOCAL] -/client/handbook/builds/my/list
[48.12s] [AID015919146370226073L4Q][LOCAL] -/client/quest/list
[49.01s] [AID015919146370226073L4Q][LOCAL] -/client/notifier/channel/create
[50.05s] [AID015919146370226073L4Q][LOCAL] -/client/mail/dialog/list
[50.08s] [AID015919146370226073L4Q][LOCAL] -/client/profile/status
[50.08s] [AID015919146370226073L4Q][LOCAL] -/client/friend/list
[50.08s] [AID015919146370226073L4Q][LOCAL] -/client/friend/request/list/inbox
[50.08s] [AID015919146370226073L4Q][LOCAL] -/client/friend/request/list/outbox
[50.12s] [AID015919146370226073L4Q][LOCAL] -/client/trading/customization/storage
[50.26s] [AID015919146370226073L4Q][LOCAL] -/client/server/list
[50.26s] [AID015919146370226073L4Q][LOCAL] -/client/trading/api/getTradersList
[51.14s] [AID015919146370226073L4Q][LOCAL] -/client/checkVersion
[73.45s] [AID015919146370226073L4Q][LOCAL] -/client/game/profile/items/moving
[73.91s] [AID015919146370226073L4Q][LOCAL] -/client/game/profile/items/moving
[133.95s] [AID015919146370226073L4Q][LOCAL] -/client/game/profile/items/moving
[193.96s] [AID015919146370226073L4Q][LOCAL] -/client/game/profile/items/moving
[208.95s] [AID015919146370226073L4Q][LOCAL] -/client/game/profile/items/moving
[210.37s] [AID015919146370226073L4Q][LOCAL] -/client/trading/api/getTraderAssort/54cb50c76803fa8b248b4571
[210.73s] [AID015919146370226073L4Q][LOCAL] -/client/trading/api/getUserAssortPrice/trader/54cb50c76803fa8b248b4571
[213.65s] [AID015919146370226073L4Q][LOCAL] -/client/game/profile/items/moving
[215.38s] [AID015919146370226073L4Q][LOCAL] -/client/trading/api/getTraderAssort/54cb57776803fa99248b456e
[215.43s] [AID015919146370226073L4Q][LOCAL] -/client/trading/api/getUserAssortPrice/trader/54cb57776803fa99248b456e
[219.46s] [AID015919146370226073L4Q][LOCAL] -/client/game/profile/items/moving
[323.56s] [AID015919146370226073L4Q][LOCAL] -/client/game/profile/items/moving
[325.21s] [AID015919146370226073L4Q][LOCAL] -/client/ragfair/find
[332.40s] [AID015919146370226073L4Q][LOCAL] -/client/ragfair/find
[335.43s] [AID015919146370226073L4Q][LOCAL] -/client/game/profile/items/moving
[335.45s] [SUCCESS]-Items taken. Status OK.
[335.45s] [SUCCESS]-Bought item: 5841474424597759ba49be91
[395.47s] [AID015919146370226073L4Q][LOCAL] -/client/game/profile/items/moving
[419.81s] [AID015919146370226073L4Q][LOCAL] -/client/game/profile/items/moving
[419.85s] [AID015919146370226073L4Q][LOCAL] -/client/ragfair/find
[423.67s] [AID015919146370226073L4Q][LOCAL] -/client/ragfair/find
[428.10s] [AID015919146370226073L4Q][LOCAL] -/client/game/profile/items/moving
[428.12s] [SUCCESS]-Items taken. Status OK.
[428.12s] [SUCCESS]-Bought item: 5cc9a96cd7f00c011c04e04a
[431.47s] [AID015919146370226073L4Q][LOCAL] -/client/ragfair/find
[432.27s] [AID015919146370226073L4Q][LOCAL] -/client/ragfair/find
[442.48s] [AID015919146370226073L4Q][LOCAL] -/client/game/profile/items/moving
[442.50s] [SUCCESS]-Items taken. Status OK.
[442.50s] [SUCCESS]-Bought item: 5c90c3622e221601da359851
[443.51s] [AID015919146370226073L4Q][LOCAL] -/client/ragfair/find
[450.14s] [AID015919146370226073L4Q][LOCAL] -/client/ragfair/find
[455.80s] [AID015919146370226073L4Q][LOCAL] -/client/game/profile/items/moving
[455.82s] [SUCCESS]-Items taken. Status OK.
[455.82s] [SUCCESS]-Bought item: 5beec8ea0db834001a6f9dbf
[458.24s] [AID015919146370226073L4Q][LOCAL] -/client/ragfair/find
[461.21s] [AID015919146370226073L4Q][LOCAL] -/client/ragfair/find
[465.09s] [AID015919146370226073L4Q][LOCAL] -/client/ragfair/find
[486.59s] [AID015919146370226073L4Q][LOCAL] -/client/game/profile/items/moving
[486.62s] [SUCCESS]-Items taken. Status OK.
[486.62s] [SUCCESS]-Bought item: 5efaf417aeb21837e749c7f2
[508.67s] [AID015919146370226073L4Q][LOCAL] -/client/game/profile/items/moving
[508.70s] [AID015919146370226073L4Q][LOCAL] -/client/ragfair/find
[512.68s] [AID015919146370226073L4Q][LOCAL] -/client/ragfair/find
[516.04s] [AID015919146370226073L4Q][LOCAL] -/client/game/profile/items/moving
[516.06s] [SUCCESS]-Items taken. Status OK.
[516.06s] [SUCCESS]-Bought item: 5c1bc7752e221602b1779b34
[518.71s] [AID015919146370226073L4Q][LOCAL] -/client/ragfair/find
[547.25s] [AID015919146370226073L4Q][LOCAL] -/client/game/profile/items/moving
[604.83s] [AID015919146370226073L4Q][LOCAL] -/client/game/profile/items/moving
[606.63s] [AID015919146370226073L4Q][LOCAL] -/client/trading/api/getTraderAssort/54cb50c76803fa8b248b4571
[606.70s] [AID015919146370226073L4Q][LOCAL] -/client/trading/api/getUserAssortPrice/trader/54cb50c76803fa8b248b4571
[607.82s] [AID015919146370226073L4Q][LOCAL] -/client/game/profile/items/moving
[608.34s] [AID015919146370226073L4Q][LOCAL] -/client/mail/dialog/info
[609.19s] [AID015919146370226073L4Q][LOCAL] -/client/trading/api/getTraderAssort/54cb57776803fa99248b456e
[609.25s] [AID015919146370226073L4Q][LOCAL] -/client/trading/api/getUserAssortPrice/trader/54cb57776803fa99248b456e
[610.33s] [AID015919146370226073L4Q][LOCAL] -/client/game/profile/items/moving
[610.47s] [AID015919146370226073L4Q][LOCAL] -/client/mail/dialog/info
[611.26s] [AID015919146370226073L4Q][LOCAL] -/client/trading/api/getTraderAssort/58330581ace78e27b8b10cee
[611.31s] [AID015919146370226073L4Q][LOCAL] -/client/trading/api/getUserAssortPrice/trader/58330581ace78e27b8b10cee
[614.32s] [AID015919146370226073L4Q][LOCAL] -/client/game/profile/items/moving
[614.41s] [AID015919146370226073L4Q][LOCAL] -/client/mail/dialog/info
[615.74s] [AID015919146370226073L4Q][LOCAL] -/client/trading/api/getTraderAssort/54cb57776803fa99248b456e
[615.78s] [AID015919146370226073L4Q][LOCAL] -/client/trading/api/getUserAssortPrice/trader/54cb57776803fa99248b456e
[618.89s] [AID015919146370226073L4Q][LOCAL] -/client/game/profile/items/moving
[649.24s] [AID015919146370226073L4Q][LOCAL] -/client/game/profile/items/moving
[650.80s] [AID015919146370226073L4Q][LOCAL] -/client/trading/api/getTraderAssort/5ac3b934156ae10c4430e83c
[650.85s] [AID015919146370226073L4Q][LOCAL] -/client/trading/api/getUserAssortPrice/trader/5ac3b934156ae10c4430e83c
[652.99s] [AID015919146370226073L4Q][LOCAL] -/client/game/profile/items/moving
[654.25s] [AID015919146370226073L4Q][LOCAL] -/client/trading/api/getTraderAssort/54cb50c76803fa8b248b4571
[654.32s] [AID015919146370226073L4Q][LOCAL] -/client/trading/api/getUserAssortPrice/trader/54cb50c76803fa8b248b4571
[658.05s] [AID015919146370226073L4Q][LOCAL] -/client/game/profile/items/moving
[662.54s] [AID015919146370226073L4Q][LOCAL] -/client/trading/customization/storage
[664.53s] [AID015919146370226073L4Q][LOCAL] -/client/trading/api/getTraderAssort/54cb57776803fa99248b456e
[664.57s] [AID015919146370226073L4Q][LOCAL] -/client/trading/api/getUserAssortPrice/trader/54cb57776803fa99248b456e
[670.58s] [AID015919146370226073L4Q][LOCAL] -/client/game/profile/items/moving
[670.58s] [SUCCESS]-Items taken. Status OK.
[670.58s] [SUCCESS]-Bought item: 5eeca649bfed7142cb3105ce
[670.63s] [AID015919146370226073L4Q][LOCAL] -/client/trading/api/getTraderAssort/54cb57776803fa99248b456e
[670.68s] [AID015919146370226073L4Q][LOCAL] -/client/trading/api/getUserAssortPrice/trader/54cb57776803fa99248b456e
[680.18s] [AID015919146370226073L4Q][LOCAL] -/client/game/profile/items/moving
[680.18s] [SUCCESS]-Items taken. Status OK.
[680.18s] [SUCCESS]-Bought item: TourniquetTrade
[680.21s] [AID015919146370226073L4Q][LOCAL] -/client/trading/api/getTraderAssort/54cb57776803fa99248b456e
[680.27s] [AID015919146370226073L4Q][LOCAL] -/client/trading/api/getUserAssortPrice/trader/54cb57776803fa99248b456e
[687.59s] [AID015919146370226073L4Q][LOCAL] -/client/game/profile/items/moving
[689.94s] [AID015919146370226073L4Q][LOCAL] -/client/ragfair/find
[692.18s] [AID015919146370226073L4Q][LOCAL] -/client/ragfair/find
[698.42s] [AID015919146370226073L4Q][LOCAL] -/client/ragfair/find
[699.11s] [AID015919146370226073L4Q][LOCAL] -/client/ragfair/find
[704.87s] [AID015919146370226073L4Q][LOCAL] -/client/game/profile/items/moving
[704.89s] [SUCCESS]-Items taken. Status OK.
[704.89s] [SUCCESS]-Bought item: 5f5e46b96bdad616ad46d613
[741.13s] [AID015919146370226073L4Q][LOCAL] -/client/game/profile/items/moving
[745.98s] [LOCAL] -/singleplayer/settings/raid/menu
[748.18s] [AID015919146370226073L4Q][LOCAL] -/client/insurance/items/list/cost
[858.70s] [LOCAL] -/singleplayer/settings/bot/difficulty/core/core
[858.79s] [LOCAL] -/singleplayer/settings/bot/difficulty/marksman/easy
[859.15s] [LOCAL] -/singleplayer/settings/bot/difficulty/marksman/normal
[859.17s] [LOCAL] -/singleplayer/settings/bot/difficulty/marksman/hard
[859.18s] [LOCAL] -/singleplayer/settings/bot/difficulty/marksman/impossible
[859.20s] [LOCAL] -/singleplayer/settings/bot/difficulty/assault/easy
[859.23s] [LOCAL] -/singleplayer/settings/bot/difficulty/assault/normal
[859.24s] [LOCAL] -/singleplayer/settings/bot/difficulty/assault/hard
[859.26s] [LOCAL] -/singleplayer/settings/bot/difficulty/assault/impossible
[859.27s] [LOCAL] -/singleplayer/settings/bot/difficulty/bossTest/normal
[859.29s] [LOCAL] -/singleplayer/settings/bot/difficulty/bossTest/normal
[859.31s] [LOCAL] -/singleplayer/settings/bot/difficulty/bossTest/normal
[859.32s] [LOCAL] -/singleplayer/settings/bot/difficulty/bossTest/normal
[859.34s] [LOCAL] -/singleplayer/settings/bot/difficulty/bossBully/normal
[859.35s] [LOCAL] -/singleplayer/settings/bot/difficulty/bossBully/normal
[859.37s] [LOCAL] -/singleplayer/settings/bot/difficulty/bossBully/normal
[859.38s] [LOCAL] -/singleplayer/settings/bot/difficulty/bossBully/normal
[859.40s] [LOCAL] -/singleplayer/settings/bot/difficulty/followerTest/normal
[859.41s] [LOCAL] -/singleplayer/settings/bot/difficulty/followerTest/normal
[859.43s] [LOCAL] -/singleplayer/settings/bot/difficulty/followerTest/normal
[859.44s] [LOCAL] -/singleplayer/settings/bot/difficulty/followerTest/normal
[859.46s] [LOCAL] -/singleplayer/settings/bot/difficulty/followerBully/normal
[859.47s] [LOCAL] -/singleplayer/settings/bot/difficulty/followerBully/normal
[859.49s] [LOCAL] -/singleplayer/settings/bot/difficulty/followerBully/normal
[859.50s] [LOCAL] -/singleplayer/settings/bot/difficulty/followerBully/normal
[859.51s] [LOCAL] -/singleplayer/settings/bot/difficulty/bossKilla/normal
[859.53s] [LOCAL] -/singleplayer/settings/bot/difficulty/bossKilla/normal
[859.54s] [LOCAL] -/singleplayer/settings/bot/difficulty/bossKilla/normal
[859.56s] [LOCAL] -/singleplayer/settings/bot/difficulty/bossKilla/normal
[859.57s] [LOCAL] -/singleplayer/settings/bot/difficulty/bossKojaniy/normal
[859.59s] [LOCAL] -/singleplayer/settings/bot/difficulty/bossKojaniy/normal
[859.61s] [LOCAL] -/singleplayer/settings/bot/difficulty/bossKojaniy/normal
[859.62s] [LOCAL] -/singleplayer/settings/bot/difficulty/bossKojaniy/normal
[859.64s] [LOCAL] -/singleplayer/settings/bot/difficulty/followerKojaniy/normal
[859.65s] [LOCAL] -/singleplayer/settings/bot/difficulty/followerKojaniy/normal
[859.67s] [LOCAL] -/singleplayer/settings/bot/difficulty/followerKojaniy/normal
[859.68s] [LOCAL] -/singleplayer/settings/bot/difficulty/followerKojaniy/normal
[859.70s] [LOCAL] -/singleplayer/settings/bot/difficulty/pmcBot/normal
[859.72s] [LOCAL] -/singleplayer/settings/bot/difficulty/pmcBot/normal
[859.73s] [LOCAL] -/singleplayer/settings/bot/difficulty/pmcBot/normal
[859.75s] [LOCAL] -/singleplayer/settings/bot/difficulty/pmcBot/normal
[859.76s] [LOCAL] -/singleplayer/settings/bot/difficulty/cursedAssault/easy
[859.77s] [LOCAL] -/singleplayer/settings/bot/difficulty/cursedAssault/normal
[859.79s] [LOCAL] -/singleplayer/settings/bot/difficulty/cursedAssault/hard
[859.80s] [LOCAL] -/singleplayer/settings/bot/difficulty/cursedAssault/impossible
[859.82s] [LOCAL] -/singleplayer/settings/bot/difficulty/bossGluhar/normal
[859.85s] [LOCAL] -/singleplayer/settings/bot/difficulty/bossGluhar/normal
[859.86s] [LOCAL] -/singleplayer/settings/bot/difficulty/bossGluhar/normal
[859.88s] [LOCAL] -/singleplayer/settings/bot/difficulty/bossGluhar/normal
[859.89s] [LOCAL] -/singleplayer/settings/bot/difficulty/followerGluharAssault/normal
[859.90s] [LOCAL] -/singleplayer/settings/bot/difficulty/followerGluharAssault/normal
[859.92s] [LOCAL] -/singleplayer/settings/bot/difficulty/followerGluharAssault/normal
[859.93s] [LOCAL] -/singleplayer/settings/bot/difficulty/followerGluharAssault/normal
[859.95s] [LOCAL] -/singleplayer/settings/bot/difficulty/followerGluharSecurity/normal
[859.96s] [LOCAL] -/singleplayer/settings/bot/difficulty/followerGluharSecurity/normal
[859.98s] [LOCAL] -/singleplayer/settings/bot/difficulty/followerGluharSecurity/normal
[859.99s] [LOCAL] -/singleplayer/settings/bot/difficulty/followerGluharSecurity/normal
[860.01s] [LOCAL] -/singleplayer/settings/bot/difficulty/followerGluharScout/normal
[860.02s] [LOCAL] -/singleplayer/settings/bot/difficulty/followerGluharScout/normal
[860.04s] [LOCAL] -/singleplayer/settings/bot/difficulty/followerGluharScout/normal
[860.05s] [LOCAL] -/singleplayer/settings/bot/difficulty/followerGluharScout/normal
[860.07s] [LOCAL] -/singleplayer/settings/bot/difficulty/followerGluharSnipe/normal
[860.08s] [LOCAL] -/singleplayer/settings/bot/difficulty/followerGluharSnipe/normal
[860.10s] [LOCAL] -/singleplayer/settings/bot/difficulty/followerGluharSnipe/normal
[860.11s] [LOCAL] -/singleplayer/settings/bot/difficulty/followerGluharSnipe/normal
[860.13s] [LOCAL] -/singleplayer/settings/bot/difficulty/followerSanitar/normal
[860.14s] [LOCAL] -/singleplayer/settings/bot/difficulty/followerSanitar/normal
[860.16s] [LOCAL] -/singleplayer/settings/bot/difficulty/followerSanitar/normal
[860.17s] [LOCAL] -/singleplayer/settings/bot/difficulty/followerSanitar/normal
[860.19s] [LOCAL] -/singleplayer/settings/bot/difficulty/bossSanitar/normal
[860.20s] [LOCAL] -/singleplayer/settings/bot/difficulty/bossSanitar/normal
[860.22s] [LOCAL] -/singleplayer/settings/bot/difficulty/bossSanitar/normal
[860.23s] [LOCAL] -/singleplayer/settings/bot/difficulty/bossSanitar/normal
[860.25s] [LOCAL] -/singleplayer/settings/bot/difficulty/test/normal
[860.26s] [LOCAL] -/singleplayer/settings/bot/difficulty/test/normal
[860.28s] [LOCAL] -/singleplayer/settings/bot/difficulty/test/normal
[860.29s] [LOCAL] -/singleplayer/settings/bot/difficulty/test/normal
[860.31s] [LOCAL] -/singleplayer/settings/bot/difficulty/assault/normal
[860.32s] [LOCAL] -/singleplayer/settings/bot/difficulty/assault/normal
[860.34s] [LOCAL] -/singleplayer/settings/bot/difficulty/assault/normal
[860.35s] [LOCAL] -/singleplayer/settings/bot/difficulty/assault/normal
[865.13s] [LOCAL] -/singleplayer/settings/bot/limit/followerGluharScout
[865.14s] [LOCAL] -/singleplayer/settings/bot/limit/followerGluharSecurity
[865.16s] [LOCAL] -/singleplayer/settings/bot/limit/marksman
[865.17s] [LOCAL] -/singleplayer/settings/bot/limit/followerGluharAssault
[865.18s] [LOCAL] -/singleplayer/settings/bot/limit/followerGluharAssault
[865.20s] [LOCAL] -/singleplayer/settings/bot/limit/followerGluharScout
[865.21s] [LOCAL] -/singleplayer/settings/bot/limit/followerGluharSecurity
[865.22s] [LOCAL] -/singleplayer/settings/bot/limit/bossBully
[865.23s] [LOCAL] -/singleplayer/settings/bot/limit/followerBully
[865.26s] [AID015919146370226073L4Q][LOCAL] -/client/game/bot/generate
[1366.05s] [AID015919146370226073L4Q][LOCAL] -/raid/profile/save
[1366.05s] [ERROR]-insurance Disabled!! cause of varaible undefined or file not found. Check line 249-250 at src/classes/offraid.js
[1366.05s] [ERROR]-Disabling: Remove map key on entering, cause of offraid_f.handler.players[sessionID] is undefined
[1372.47s] [AID015919146370226073L4Q][LOCAL] -/client/game/profile/list
[1377.40s] [AID015919146370226073L4Q][LOCAL] -/client/trading/api/getTradersList
[1379.04s] [AID015919146370226073L4Q][LOCAL] -/client/game/profile/items/moving
[1379.04s] [SUCCESS]-Items taken. Status OK.
[1383.07s] [AID015919146370226073L4Q][LOCAL] -/client/items
[1389.21s] [AID015919146370226073L4Q][LOCAL] -/client/customization
[1389.21s] [AID015919146370226073L4Q][LOCAL] -/client/globals
[1389.45s] [AID015919146370226073L4Q][LOCAL] -/client/game/profile/list
[1389.56s] [AID015919146370226073L4Q][LOCAL] -/client/game/profile/select
[1389.62s] [AID015919146370226073L4Q][LOCAL] -/client/profile/status
[1389.68s] [AID015919146370226073L4Q][LOCAL] -/client/weather
[1389.68s] [AID015919146370226073L4Q][LOCAL] -/client/game/profile/select
[1389.71s] [AID015919146370226073L4Q][LOCAL] -/client/locations
[1389.75s] [AID015919146370226073L4Q][LOCAL] -/client/profile/status
[1390.04s] [AID015919146370226073L4Q][LOCAL] -/client/handbook/templates
[1394.91s] [AID015919146370226073L4Q][LOCAL] -/client/hideout/areas
[1395.00s] [AID015919146370226073L4Q][LOCAL] -/client/hideout/settings
[1395.16s] [AID015919146370226073L4Q][LOCAL] -/client/hideout/production/recipes
[1395.22s] [AID015919146370226073L4Q][LOCAL] -/client/hideout/production/scavcase/recipes
[1395.27s] [AID015919146370226073L4Q][LOCAL] -/client/handbook/builds/my/list
[1395.33s] [AID015919146370226073L4Q][LOCAL] -/client/quest/list
[1395.69s] [AID015919146370226073L4Q][LOCAL] -/client/notifier/channel/create
[1396.56s] [AID015919146370226073L4Q][LOCAL] -/client/mail/dialog/list
[1396.60s] [AID015919146370226073L4Q][LOCAL] -/client/friend/request/list/inbox
[1396.60s] [AID015919146370226073L4Q][LOCAL] -/client/friend/list
[1396.60s] [AID015919146370226073L4Q][LOCAL] -/client/friend/request/list/outbox
[1396.60s] [AID015919146370226073L4Q][LOCAL] -/client/profile/status
[1396.60s] [AID015919146370226073L4Q][LOCAL] -/client/trading/customization/storage
[1396.71s] [AID015919146370226073L4Q][LOCAL] -/client/server/list
[1396.71s] [AID015919146370226073L4Q][LOCAL] -/client/trading/api/getTradersList
[1396.78s] [AID015919146370226073L4Q][LOCAL] -/client/checkVersion
[1403.92s] [AID015919146370226073L4Q][LOCAL] -/client/trading/api/getTrader/58330581ace78e27b8b10cee
[1416.38s] [AID015919146370226073L4Q][LOCAL] -/client/trading/api/getTrader/58330581ace78e27b8b10cee
[1417.74s] [AID015919146370226073L4Q][LOCAL] -/client/trading/api/getTraderAssort/54cb50c76803fa8b248b4571
[1417.98s] [AID015919146370226073L4Q][LOCAL] -/client/trading/api/getUserAssortPrice/trader/54cb50c76803fa8b248b4571
[1421.47s] [AID015919146370226073L4Q][LOCAL] -/client/ragfair/find
[1426.80s] [AID015919146370226073L4Q][LOCAL] -/client/ragfair/find
[1430.21s] [AID015919146370226073L4Q][LOCAL] -/client/game/profile/items/moving
[1430.23s] [SUCCESS]-Items taken. Status OK.
[1430.24s] [SUCCESS]-Bought item: 58dffca786f774083a256ab1
[1441.85s] [AID015919146370226073L4Q][LOCAL] -/client/ragfair/find
[1443.58s] [AID015919146370226073L4Q][LOCAL] -/client/game/profile/items/moving
[1443.60s] [SUCCESS]-Items taken. Status OK.
[1443.60s] [SUCCESS]-Bought item: 57ae0171245977343c27bfcf
[1444.00s] [AID015919146370226073L4Q][LOCAL] -/client/trading/api/getTrader/58330581ace78e27b8b10cee
[1458.10s] [AID015919146370226073L4Q][LOCAL] -/client/game/profile/items/moving
[1458.81s] [AID015919146370226073L4Q][LOCAL] -/client/trading/api/getTrader/58330581ace78e27b8b10cee
[1460.61s] [AID015919146370226073L4Q][LOCAL] -/client/ragfair/find
[1465.61s] [AID015919146370226073L4Q][LOCAL] -/client/ragfair/find
[1475.15s] [AID015919146370226073L4Q][LOCAL] -/client/game/profile/items/moving
[1475.18s] [SUCCESS]-Items taken. Status OK.
[1475.18s] [SUCCESS]-Bought item: 544a5caa4bdc2d1a388b4568
[1477.45s] [AID015919146370226073L4Q][LOCAL] -/client/ragfair/find
[1480.25s] [AID015919146370226073L4Q][LOCAL] -/client/game/profile/items/moving
[1480.27s] [SUCCESS]-Items taken. Status OK.
[1480.27s] [SUCCESS]-Bought item: 5f5e46b96bdad616ad46d613
[1480.78s] [AID015919146370226073L4Q][LOCAL] -/client/trading/api/getTrader/58330581ace78e27b8b10cee
[1540.27s] [AID015919146370226073L4Q][LOCAL] -/client/game/profile/items/moving
[1627.02s] [AID015919146370226073L4Q][LOCAL] -/client/game/profile/items/moving
[1627.06s] [AID015919146370226073L4Q][LOCAL] -/client/ragfair/find
[1628.18s] [AID015919146370226073L4Q][LOCAL] -/client/game/profile/items/moving
[1628.20s] [SUCCESS]-Items taken. Status OK.
[1628.20s] [SUCCESS]-Bought item: 5894a05586f774094708ef75
[1628.69s] [AID015919146370226073L4Q][LOCAL] -/client/game/profile/items/moving
[1628.71s] [SUCCESS]-Items taken. Status OK.
[1628.71s] [SUCCESS]-Bought item: 5894a05586f774094708ef75
[1629.18s] [AID015919146370226073L4Q][LOCAL] -/client/game/profile/items/moving
[1629.20s] [SUCCESS]-Items taken. Status OK.
[1629.20s] [SUCCESS]-Bought item: 5894a05586f774094708ef75
[1635.71s] [AID015919146370226073L4Q][LOCAL] -/client/ragfair/find
[1642.41s] [AID015919146370226073L4Q][LOCAL] -/client/game/profile/items/moving
[1642.43s] [SUCCESS]-Items taken. Status OK.
[1642.43s] [SUCCESS]-Bought item: 5f004bed1b27f811e5317ad5
[1647.24s] [AID015919146370226073L4Q][LOCAL] -/client/game/profile/items/moving
[1647.75s] [AID015919146370226073L4Q][LOCAL] -/client/game/profile/items/moving
[1648.36s] [AID015919146370226073L4Q][LOCAL] -/client/game/profile/items/moving
[1649.15s] [AID015919146370226073L4Q][LOCAL] -/client/game/profile/items/moving
[1658.42s] [AID015919146370226073L4Q][LOCAL] -/client/game/profile/items/moving
[1658.45s] [AID015919146370226073L4Q][LOCAL] -/client/ragfair/find
[1660.99s] [AID015919146370226073L4Q][LOCAL] -/client/game/profile/items/moving
[1661.01s] [SUCCESS]-Items taken. Status OK.
[1661.01s] [SUCCESS]-Bought item: 5c1bc7752e221602b1779b34
[1686.63s] [AID015919146370226073L4Q][LOCAL] -/client/game/profile/items/moving
[1688.42s] [AID015919146370226073L4Q][LOCAL] -/client/game/logout
