[0.06s] [ERROR]-Missing files! Rebuilding cache required!
[0.07s] [WARNING]-Rebuilding cache system
[0.56s] [SUCCESS]-Create: Static Response Callbacks
[0.58s] [SUCCESS]-Create: Dynamic Response Callbacks
[0.59s] [SUCCESS]-Create: Cache Callback
[0.59s] [SUCCESS]-Create: Start Callback
[0.60s] [SUCCESS]-Create: Receive Callback
[0.60s] [SUCCESS]-Create: Respond Callback
[0.60s] [SUCCESS]-Create: Classes as global variables
[0.62s] [SUCCESS]-Create: Item Action Callbacks
[0.63s] -┌────────────────────────┐
[0.63s] -│ JustEmuTarkov 1.0.3    │
[0.63s] -│ « discord.gg/T66tGKa » │
[0.63s] -└────────────────────────┘
[8.28s] [SUCCESS]-[LootFix] Settings applied
[9.64s] [SUCCESS]-[MOD] LootFix; Applied
[9.66s] [SUCCESS]-Server is working at: https://127.0.0.1:443
[13.09s] [LOCAL] -/launcher/server/connect
[17.25s] [LOCAL] -/launcher/profile/register
[17.26s] [LOCAL] -/launcher/profile/login
[17.26s] [LOCAL] -/launcher/profile/get
[17.92s] [AID015919146370226073L4Q][LOCAL] -/launcher/profile/login
[17.93s] [AID015919146370226073L4Q][LOCAL] -/launcher/profile/get
[23.77s] [LOCAL] -/singleplayer/bundles
[23.91s] [LOCAL] -/mode/offline
[35.44s] [AID015919146370226073L4Q][LOCAL] -/client/game/start
[35.44s] [WARNING]-New account login!
[35.49s] [AID015919146370226073L4Q][LOCAL] -/client/menu/locale/en
[35.55s] [AID015919146370226073L4Q][LOCAL] -/client/game/version/validate
[35.58s] [AID015919146370226073L4Q][LOCAL] -/client/languages
[35.62s] [AID015919146370226073L4Q][LOCAL] -/client/game/config
[36.54s] [AID015919146370226073L4Q][LOCAL] -/client/items
[45.86s] [AID015919146370226073L4Q][LOCAL] -/client/customization
[45.90s] [AID015919146370226073L4Q][LOCAL] -/client/globals
[46.81s] [AID015919146370226073L4Q][LOCAL] -/client/game/profile/list
[46.88s] [AID015919146370226073L4Q][LOCAL] -/client/locale/en
[47.61s] [AID015919146370226073L4Q][LOCAL] -/client/locale/ru
[48.04s] [AID015919146370226073L4Q][LOCAL] -/client/locale/ge
[48.28s] [AID015919146370226073L4Q][LOCAL] -/client/locale/fr
[49.37s] [AID015919146370226073L4Q][LOCAL] -/client/game/profile/nickname/reserved
[52.96s] [AID015919146370226073L4Q][LOCAL] -/client/game/profile/nickname/validate
[55.83s] [AID015919146370226073L4Q][LOCAL] -/client/game/profile/create
[55.98s] [AID015919146370226073L4Q][LOCAL] -/client/weather
[56.00s] [AID015919146370226073L4Q][LOCAL] -/client/locations
[56.02s] [AID015919146370226073L4Q][LOCAL] -/client/game/profile/list
[56.58s] [AID015919146370226073L4Q][LOCAL] -/client/game/profile/select
[56.62s] [AID015919146370226073L4Q][LOCAL] -/client/profile/status
[56.79s] [AID015919146370226073L4Q][LOCAL] -/client/handbook/templates
[64.78s] [AID015919146370226073L4Q][LOCAL] -/client/hideout/areas
[65.14s] [AID015919146370226073L4Q][LOCAL] -/client/hideout/settings
[65.17s] [AID015919146370226073L4Q][LOCAL] -/client/hideout/production/recipes
[65.46s] [AID015919146370226073L4Q][LOCAL] -/client/hideout/production/scavcase/recipes
[65.55s] [AID015919146370226073L4Q][LOCAL] -/client/handbook/builds/my/list
[66.03s] [AID015919146370226073L4Q][LOCAL] -/client/quest/list
[67.06s] [AID015919146370226073L4Q][LOCAL] -/client/notifier/channel/create
[68.09s] [AID015919146370226073L4Q][LOCAL] -/client/mail/dialog/list
[68.12s] [AID015919146370226073L4Q][LOCAL] -/client/trading/customization/storage
[68.13s] [AID015919146370226073L4Q][LOCAL] -/client/friend/list
[68.13s] [AID015919146370226073L4Q][LOCAL] -/client/friend/request/list/inbox
[68.13s] [AID015919146370226073L4Q][LOCAL] -/client/friend/request/list/outbox
[68.13s] [AID015919146370226073L4Q][LOCAL] -/client/profile/status
[68.35s] [AID015919146370226073L4Q][LOCAL] -/client/server/list
[68.35s] [AID015919146370226073L4Q][LOCAL] -/client/trading/api/getTradersList
[68.48s] [AID015919146370226073L4Q][LOCAL] -/client/checkVersion
[81.50s] [AID015919146370226073L4Q][LOCAL] -/client/game/profile/items/moving
[108.24s] [AID015919146370226073L4Q][LOCAL] -/client/game/profile/items/moving
[109.03s] [AID015919146370226073L4Q][LOCAL] -/client/trading/api/getTrader/54cb50c76803fa8b248b4571
[109.03s] [AID015919146370226073L4Q][LOCAL] -/client/trading/api/getTrader/579dc571d53a0658a154fbec
[109.03s] [AID015919146370226073L4Q][LOCAL] -/client/trading/api/getTrader/58330581ace78e27b8b10cee
[109.03s] [AID015919146370226073L4Q][LOCAL] -/client/trading/api/getTrader/5ac3b934156ae10c4430e83c
[109.03s] [AID015919146370226073L4Q][LOCAL] -/client/trading/api/getTrader/5c0647fdd443bc2504c2d371
[109.03s] [AID015919146370226073L4Q][LOCAL] -/client/trading/api/getTrader/5a7c2eca46aef81a7ca2145d
[109.03s] [AID015919146370226073L4Q][LOCAL] -/client/trading/api/getTrader/54cb57776803fa99248b456e
[109.03s] [AID015919146370226073L4Q][LOCAL] -/client/trading/api/getTrader/5935c25fb3acc3127c3d8cd9
[166.99s] [LOCAL] -/singleplayer/settings/raid/menu
[171.38s] [AID015919146370226073L4Q][LOCAL] -/client/insurance/items/list/cost
[364.95s] [LOCAL] -/singleplayer/settings/bot/difficulty/core/core
[365.04s] [LOCAL] -/singleplayer/settings/bot/difficulty/marksman/easy
[365.35s] [LOCAL] -/singleplayer/settings/bot/difficulty/marksman/normal
[365.38s] [LOCAL] -/singleplayer/settings/bot/difficulty/marksman/hard
[365.40s] [LOCAL] -/singleplayer/settings/bot/difficulty/marksman/impossible
[365.41s] [LOCAL] -/singleplayer/settings/bot/difficulty/assault/easy
[365.44s] [LOCAL] -/singleplayer/settings/bot/difficulty/assault/normal
[365.46s] [LOCAL] -/singleplayer/settings/bot/difficulty/assault/hard
[365.48s] [LOCAL] -/singleplayer/settings/bot/difficulty/assault/impossible
[365.50s] [LOCAL] -/singleplayer/settings/bot/difficulty/bossTest/normal
[365.52s] [LOCAL] -/singleplayer/settings/bot/difficulty/bossTest/normal
[365.54s] [LOCAL] -/singleplayer/settings/bot/difficulty/bossTest/normal
[365.55s] [LOCAL] -/singleplayer/settings/bot/difficulty/bossTest/normal
[365.57s] [LOCAL] -/singleplayer/settings/bot/difficulty/bossBully/normal
[365.59s] [LOCAL] -/singleplayer/settings/bot/difficulty/bossBully/normal
[365.61s] [LOCAL] -/singleplayer/settings/bot/difficulty/bossBully/normal
[365.62s] [LOCAL] -/singleplayer/settings/bot/difficulty/bossBully/normal
[365.64s] [LOCAL] -/singleplayer/settings/bot/difficulty/followerTest/normal
[365.65s] [LOCAL] -/singleplayer/settings/bot/difficulty/followerTest/normal
[365.66s] [LOCAL] -/singleplayer/settings/bot/difficulty/followerTest/normal
[365.68s] [LOCAL] -/singleplayer/settings/bot/difficulty/followerTest/normal
[365.69s] [LOCAL] -/singleplayer/settings/bot/difficulty/followerBully/normal
[365.72s] [LOCAL] -/singleplayer/settings/bot/difficulty/followerBully/normal
[365.73s] [LOCAL] -/singleplayer/settings/bot/difficulty/followerBully/normal
[365.75s] [LOCAL] -/singleplayer/settings/bot/difficulty/followerBully/normal
[365.76s] [LOCAL] -/singleplayer/settings/bot/difficulty/bossKilla/normal
[365.79s] [LOCAL] -/singleplayer/settings/bot/difficulty/bossKilla/normal
[365.81s] [LOCAL] -/singleplayer/settings/bot/difficulty/bossKilla/normal
[365.82s] [LOCAL] -/singleplayer/settings/bot/difficulty/bossKilla/normal
[365.84s] [LOCAL] -/singleplayer/settings/bot/difficulty/bossKojaniy/normal
[365.87s] [LOCAL] -/singleplayer/settings/bot/difficulty/bossKojaniy/normal
[365.88s] [LOCAL] -/singleplayer/settings/bot/difficulty/bossKojaniy/normal
[365.89s] [LOCAL] -/singleplayer/settings/bot/difficulty/bossKojaniy/normal
[365.91s] [LOCAL] -/singleplayer/settings/bot/difficulty/followerKojaniy/normal
[365.93s] [LOCAL] -/singleplayer/settings/bot/difficulty/followerKojaniy/normal
[365.95s] [LOCAL] -/singleplayer/settings/bot/difficulty/followerKojaniy/normal
[365.96s] [LOCAL] -/singleplayer/settings/bot/difficulty/followerKojaniy/normal
[365.98s] [LOCAL] -/singleplayer/settings/bot/difficulty/pmcBot/normal
[365.99s] [LOCAL] -/singleplayer/settings/bot/difficulty/pmcBot/normal
[366.00s] [LOCAL] -/singleplayer/settings/bot/difficulty/pmcBot/normal
[366.02s] [LOCAL] -/singleplayer/settings/bot/difficulty/pmcBot/normal
[366.03s] [LOCAL] -/singleplayer/settings/bot/difficulty/cursedAssault/easy
[366.05s] [LOCAL] -/singleplayer/settings/bot/difficulty/cursedAssault/normal
[366.06s] [LOCAL] -/singleplayer/settings/bot/difficulty/cursedAssault/hard
[366.07s] [LOCAL] -/singleplayer/settings/bot/difficulty/cursedAssault/impossible
[366.09s] [LOCAL] -/singleplayer/settings/bot/difficulty/bossGluhar/normal
[366.12s] [LOCAL] -/singleplayer/settings/bot/difficulty/bossGluhar/normal
[366.14s] [LOCAL] -/singleplayer/settings/bot/difficulty/bossGluhar/normal
[366.15s] [LOCAL] -/singleplayer/settings/bot/difficulty/bossGluhar/normal
[366.17s] [LOCAL] -/singleplayer/settings/bot/difficulty/followerGluharAssault/normal
[366.19s] [LOCAL] -/singleplayer/settings/bot/difficulty/followerGluharAssault/normal
[366.21s] [LOCAL] -/singleplayer/settings/bot/difficulty/followerGluharAssault/normal
[366.22s] [LOCAL] -/singleplayer/settings/bot/difficulty/followerGluharAssault/normal
[366.24s] [LOCAL] -/singleplayer/settings/bot/difficulty/followerGluharSecurity/normal
[366.26s] [LOCAL] -/singleplayer/settings/bot/difficulty/followerGluharSecurity/normal
[366.27s] [LOCAL] -/singleplayer/settings/bot/difficulty/followerGluharSecurity/normal
[366.29s] [LOCAL] -/singleplayer/settings/bot/difficulty/followerGluharSecurity/normal
[366.30s] [LOCAL] -/singleplayer/settings/bot/difficulty/followerGluharScout/normal
[366.33s] [LOCAL] -/singleplayer/settings/bot/difficulty/followerGluharScout/normal
[366.34s] [LOCAL] -/singleplayer/settings/bot/difficulty/followerGluharScout/normal
[366.35s] [LOCAL] -/singleplayer/settings/bot/difficulty/followerGluharScout/normal
[366.37s] [LOCAL] -/singleplayer/settings/bot/difficulty/followerGluharSnipe/normal
[366.39s] [LOCAL] -/singleplayer/settings/bot/difficulty/followerGluharSnipe/normal
[366.41s] [LOCAL] -/singleplayer/settings/bot/difficulty/followerGluharSnipe/normal
[366.43s] [LOCAL] -/singleplayer/settings/bot/difficulty/followerGluharSnipe/normal
[366.45s] [LOCAL] -/singleplayer/settings/bot/difficulty/followerSanitar/normal
[366.48s] [LOCAL] -/singleplayer/settings/bot/difficulty/followerSanitar/normal
[366.49s] [LOCAL] -/singleplayer/settings/bot/difficulty/followerSanitar/normal
[366.51s] [LOCAL] -/singleplayer/settings/bot/difficulty/followerSanitar/normal
[366.52s] [LOCAL] -/singleplayer/settings/bot/difficulty/bossSanitar/normal
[366.55s] [LOCAL] -/singleplayer/settings/bot/difficulty/bossSanitar/normal
[366.57s] [LOCAL] -/singleplayer/settings/bot/difficulty/bossSanitar/normal
[366.58s] [LOCAL] -/singleplayer/settings/bot/difficulty/bossSanitar/normal
[366.60s] [LOCAL] -/singleplayer/settings/bot/difficulty/test/normal
[366.61s] [LOCAL] -/singleplayer/settings/bot/difficulty/test/normal
[366.63s] [LOCAL] -/singleplayer/settings/bot/difficulty/test/normal
[366.64s] [LOCAL] -/singleplayer/settings/bot/difficulty/test/normal
[366.65s] [LOCAL] -/singleplayer/settings/bot/difficulty/assault/normal
[366.67s] [LOCAL] -/singleplayer/settings/bot/difficulty/assault/normal
[366.69s] [LOCAL] -/singleplayer/settings/bot/difficulty/assault/normal
[366.70s] [LOCAL] -/singleplayer/settings/bot/difficulty/assault/normal
[372.13s] [LOCAL] -/singleplayer/settings/bot/limit/followerGluharScout
[372.14s] [LOCAL] -/singleplayer/settings/bot/limit/followerGluharSecurity
[372.16s] [LOCAL] -/singleplayer/settings/bot/limit/marksman
[372.17s] [LOCAL] -/singleplayer/settings/bot/limit/marksman
[372.18s] [LOCAL] -/singleplayer/settings/bot/limit/followerGluharAssault
[372.19s] [LOCAL] -/singleplayer/settings/bot/limit/followerGluharAssault
[372.20s] [LOCAL] -/singleplayer/settings/bot/limit/followerGluharScout
[372.21s] [LOCAL] -/singleplayer/settings/bot/limit/followerGluharSecurity
[372.22s] [LOCAL] -/singleplayer/settings/bot/limit/bossBully
[372.23s] [LOCAL] -/singleplayer/settings/bot/limit/followerBully
[372.26s] [AID015919146370226073L4Q][LOCAL] -/client/game/bot/generate
[759.17s] [AID015919146370226073L4Q][LOCAL] -/raid/profile/save
[759.17s] [ERROR]-insurance Disabled!! cause of varaible undefined or file not found. Check line 249-250 at src/classes/offraid.js
[759.17s] [ERROR]-Disabling: Remove map key on entering, cause of offraid_f.handler.players[sessionID] is undefined
[765.33s] [AID015919146370226073L4Q][LOCAL] -/client/game/profile/list
[786.45s] [AID015919146370226073L4Q][LOCAL] -/client/trading/api/getTradersList
[788.20s] [AID015919146370226073L4Q][LOCAL] -/client/game/profile/items/moving
[788.21s] [SUCCESS]-Items taken. Status OK.
[792.06s] [AID015919146370226073L4Q][LOCAL] -/client/items
[798.07s] [AID015919146370226073L4Q][LOCAL] -/client/customization
[798.08s] [AID015919146370226073L4Q][LOCAL] -/client/globals
[798.26s] [AID015919146370226073L4Q][LOCAL] -/client/game/profile/list
[798.40s] [AID015919146370226073L4Q][LOCAL] -/client/game/profile/select
[798.45s] [AID015919146370226073L4Q][LOCAL] -/client/profile/status
[798.51s] [AID015919146370226073L4Q][LOCAL] -/client/weather
[798.51s] [AID015919146370226073L4Q][LOCAL] -/client/game/profile/select
[798.53s] [AID015919146370226073L4Q][LOCAL] -/client/locations
[798.56s] [AID015919146370226073L4Q][LOCAL] -/client/profile/status
[798.84s] [AID015919146370226073L4Q][LOCAL] -/client/handbook/templates
[803.51s] [AID015919146370226073L4Q][LOCAL] -/client/hideout/areas
[803.61s] [AID015919146370226073L4Q][LOCAL] -/client/hideout/settings
[803.68s] [AID015919146370226073L4Q][LOCAL] -/client/hideout/production/recipes
[803.74s] [AID015919146370226073L4Q][LOCAL] -/client/hideout/production/scavcase/recipes
[803.78s] [AID015919146370226073L4Q][LOCAL] -/client/handbook/builds/my/list
[803.85s] [AID015919146370226073L4Q][LOCAL] -/client/quest/list
[804.21s] [AID015919146370226073L4Q][LOCAL] -/client/notifier/channel/create
[805.13s] [AID015919146370226073L4Q][LOCAL] -/client/mail/dialog/list
[805.18s] [AID015919146370226073L4Q][LOCAL] -/client/friend/list
[805.18s] [AID015919146370226073L4Q][LOCAL] -/client/friend/request/list/inbox
[805.18s] [AID015919146370226073L4Q][LOCAL] -/client/friend/request/list/outbox
[805.18s] [AID015919146370226073L4Q][LOCAL] -/client/profile/status
[805.18s] [AID015919146370226073L4Q][LOCAL] -/client/trading/customization/storage
[805.28s] [AID015919146370226073L4Q][LOCAL] -/client/server/list
[805.29s] [AID015919146370226073L4Q][LOCAL] -/client/trading/api/getTradersList
[805.34s] [AID015919146370226073L4Q][LOCAL] -/client/checkVersion
[848.27s] [AID015919146370226073L4Q][LOCAL] -/client/game/profile/items/moving
[906.23s] [AID015919146370226073L4Q][LOCAL] -/client/game/profile/items/moving
[906.96s] [AID015919146370226073L4Q][LOCAL] -/client/trading/api/getTrader/5c0647fdd443bc2504c2d371
[906.98s] [AID015919146370226073L4Q][LOCAL] -/client/trading/api/getTrader/54cb57776803fa99248b456e
[906.99s] [AID015919146370226073L4Q][LOCAL] -/client/trading/api/getTrader/5935c25fb3acc3127c3d8cd9
[907.52s] [AID015919146370226073L4Q][LOCAL] -/client/trading/api/getTraderAssort/54cb50c76803fa8b248b4571
[907.63s] [AID015919146370226073L4Q][LOCAL] -/client/trading/api/getUserAssortPrice/trader/54cb50c76803fa8b248b4571
[920.88s] [AID015919146370226073L4Q][LOCAL] -/client/game/profile/items/moving
[930.82s] [AID015919146370226073L4Q][LOCAL] -/client/game/profile/items/moving
[937.34s] [AID015919146370226073L4Q][LOCAL] -/client/game/profile/items/moving
[937.34s] [SUCCESS]-Items taken. Status OK.
[937.34s] [SUCCESS]-Bought item: 5eeca646bfed7142cb3103b1
[937.40s] [AID015919146370226073L4Q][LOCAL] -/client/trading/api/getTraderAssort/54cb50c76803fa8b248b4571
[937.45s] [AID015919146370226073L4Q][LOCAL] -/client/trading/api/getUserAssortPrice/trader/54cb50c76803fa8b248b4571
[938.32s] [AID015919146370226073L4Q][LOCAL] -/client/trading/api/getTrader/5c0647fdd443bc2504c2d371
[938.34s] [AID015919146370226073L4Q][LOCAL] -/client/trading/api/getTrader/5935c25fb3acc3127c3d8cd9
[938.35s] [AID015919146370226073L4Q][LOCAL] -/client/trading/api/getTrader/54cb57776803fa99248b456e
[997.32s] [AID015919146370226073L4Q][LOCAL] -/client/game/profile/items/moving
[1054.43s] [AID015919146370226073L4Q][LOCAL] -/client/game/profile/items/moving
[1058.54s] [LOCAL] -/singleplayer/settings/raid/menu
[1270.24s] [AID015919146370226073L4Q][LOCAL] -/client/insurance/items/list/cost
[1389.37s] [LOCAL] -/singleplayer/settings/bot/limit/followerGluharScout
[1389.39s] [LOCAL] -/singleplayer/settings/bot/limit/followerGluharSecurity
[1389.40s] [LOCAL] -/singleplayer/settings/bot/limit/marksman
[1389.41s] [LOCAL] -/singleplayer/settings/bot/limit/marksman
[1389.42s] [LOCAL] -/singleplayer/settings/bot/limit/followerGluharAssault
[1389.43s] [LOCAL] -/singleplayer/settings/bot/limit/followerGluharAssault
[1389.45s] [LOCAL] -/singleplayer/settings/bot/limit/followerGluharScout
[1389.46s] [LOCAL] -/singleplayer/settings/bot/limit/followerGluharSecurity
[1389.47s] [LOCAL] -/singleplayer/settings/bot/limit/bossBully
[1389.48s] [LOCAL] -/singleplayer/settings/bot/limit/followerBully
[1389.50s] [AID015919146370226073L4Q][LOCAL] -/client/game/bot/generate
[2351.04s] [AID015919146370226073L4Q][LOCAL] -/raid/profile/save
[2351.04s] [ERROR]-insurance Disabled!! cause of varaible undefined or file not found. Check line 249-250 at src/classes/offraid.js
[2351.05s] [ERROR]-Disabling: Remove map key on entering, cause of offraid_f.handler.players[sessionID] is undefined
[2357.80s] [AID015919146370226073L4Q][LOCAL] -/client/game/profile/list
[2366.30s] [AID015919146370226073L4Q][LOCAL] -/client/trading/api/getTradersList
[2367.64s] [AID015919146370226073L4Q][LOCAL] -/client/game/profile/items/moving
[2367.64s] [SUCCESS]-Items taken. Status OK.
[2374.16s] [AID015919146370226073L4Q][LOCAL] -/client/items
[2379.94s] [AID015919146370226073L4Q][LOCAL] -/client/globals
[2379.95s] [AID015919146370226073L4Q][LOCAL] -/client/customization
[2380.13s] [AID015919146370226073L4Q][LOCAL] -/client/game/profile/list
[2380.28s] [AID015919146370226073L4Q][LOCAL] -/client/game/profile/select
[2380.34s] [AID015919146370226073L4Q][LOCAL] -/client/profile/status
[2380.40s] [AID015919146370226073L4Q][LOCAL] -/client/weather
[2380.40s] [AID015919146370226073L4Q][LOCAL] -/client/locations
[2380.46s] [AID015919146370226073L4Q][LOCAL] -/client/game/profile/select
[2380.49s] [AID015919146370226073L4Q][LOCAL] -/client/profile/status
[2380.77s] [AID015919146370226073L4Q][LOCAL] -/client/handbook/templates
[2385.56s] [AID015919146370226073L4Q][LOCAL] -/client/hideout/areas
[2385.70s] [AID015919146370226073L4Q][LOCAL] -/client/hideout/settings
[2385.93s] [AID015919146370226073L4Q][LOCAL] -/client/hideout/production/recipes
[2385.99s] [AID015919146370226073L4Q][LOCAL] -/client/hideout/production/scavcase/recipes
[2386.02s] [AID015919146370226073L4Q][LOCAL] -/client/handbook/builds/my/list
[2386.08s] [AID015919146370226073L4Q][LOCAL] -/client/quest/list
[2386.46s] [AID015919146370226073L4Q][LOCAL] -/client/notifier/channel/create
[2387.34s] [AID015919146370226073L4Q][LOCAL] -/client/mail/dialog/list
[2387.38s] [AID015919146370226073L4Q][LOCAL] -/client/friend/list
[2387.38s] [AID015919146370226073L4Q][LOCAL] -/client/friend/request/list/inbox
[2387.39s] [AID015919146370226073L4Q][LOCAL] -/client/friend/request/list/outbox
[2387.39s] [AID015919146370226073L4Q][LOCAL] -/client/profile/status
[2387.39s] [AID015919146370226073L4Q][LOCAL] -/client/trading/customization/storage
[2387.49s] [AID015919146370226073L4Q][LOCAL] -/client/server/list
[2387.49s] [AID015919146370226073L4Q][LOCAL] -/client/trading/api/getTradersList
[2387.56s] [AID015919146370226073L4Q][LOCAL] -/client/checkVersion
[2394.00s] [AID015919146370226073L4Q][LOCAL] -/client/game/profile/items/moving
[2394.86s] [AID015919146370226073L4Q][LOCAL] -/client/trading/api/getTrader/54cb57776803fa99248b456e
[2394.89s] [AID015919146370226073L4Q][LOCAL] -/client/trading/api/getTrader/5c0647fdd443bc2504c2d371
[2394.89s] [AID015919146370226073L4Q][LOCAL] -/client/trading/api/getTrader/5935c25fb3acc3127c3d8cd9
[2394.92s] [AID015919146370226073L4Q][LOCAL] -/client/trading/api/getTrader/579dc571d53a0658a154fbec
[2395.46s] [AID015919146370226073L4Q][LOCAL] -/client/trading/api/getTraderAssort/5ac3b934156ae10c4430e83c
[2395.51s] [AID015919146370226073L4Q][LOCAL] -/client/trading/api/getUserAssortPrice/trader/5ac3b934156ae10c4430e83c
[2397.91s] [AID015919146370226073L4Q][LOCAL] -/client/game/profile/items/moving
[2398.96s] [AID015919146370226073L4Q][LOCAL] -/client/trading/api/getTraderAssort/54cb50c76803fa8b248b4571
[2399.03s] [AID015919146370226073L4Q][LOCAL] -/client/trading/api/getUserAssortPrice/trader/54cb50c76803fa8b248b4571
[2401.12s] [AID015919146370226073L4Q][LOCAL] -/client/game/profile/items/moving
[2406.08s] [AID015919146370226073L4Q][LOCAL] -/client/game/profile/items/moving
[2406.10s] [SUCCESS]-Items taken. Status OK.
[2406.10s] [SUCCESS]-Bought item: 5eeca645bfed7142cb3102a4
[2406.16s] [AID015919146370226073L4Q][LOCAL] -/client/trading/api/getTraderAssort/54cb50c76803fa8b248b4571
[2406.23s] [AID015919146370226073L4Q][LOCAL] -/client/trading/api/getUserAssortPrice/trader/54cb50c76803fa8b248b4571
[2414.80s] [AID015919146370226073L4Q][LOCAL] -/client/game/profile/items/moving
[2414.82s] [SUCCESS]-Items taken. Status OK.
[2414.82s] [SUCCESS]-Bought item: 5eeca646bfed7142cb310386
[2414.88s] [AID015919146370226073L4Q][LOCAL] -/client/trading/api/getTraderAssort/54cb50c76803fa8b248b4571
[2414.95s] [AID015919146370226073L4Q][LOCAL] -/client/trading/api/getUserAssortPrice/trader/54cb50c76803fa8b248b4571
[2415.72s] [AID015919146370226073L4Q][LOCAL] -/client/trading/api/getTrader/54cb57776803fa99248b456e
[2415.74s] [AID015919146370226073L4Q][LOCAL] -/client/trading/api/getTrader/5935c25fb3acc3127c3d8cd9
[2415.74s] [AID015919146370226073L4Q][LOCAL] -/client/trading/api/getTrader/5c0647fdd443bc2504c2d371
[2415.74s] [AID015919146370226073L4Q][LOCAL] -/client/trading/api/getTrader/579dc571d53a0658a154fbec
[2416.51s] [AID015919146370226073L4Q][LOCAL] -/client/trading/api/getTraderAssort/5ac3b934156ae10c4430e83c
[2416.56s] [AID015919146370226073L4Q][LOCAL] -/client/trading/api/getUserAssortPrice/trader/5ac3b934156ae10c4430e83c
[2422.74s] [AID015919146370226073L4Q][LOCAL] -/client/game/profile/items/moving
[2422.74s] [SUCCESS]-Items taken. Status OK.
[2422.74s] [SUCCESS]-Bought item: 5ece83c201e14e770d582a02
[2422.79s] [AID015919146370226073L4Q][LOCAL] -/client/trading/api/getTraderAssort/5ac3b934156ae10c4430e83c
[2422.84s] [AID015919146370226073L4Q][LOCAL] -/client/trading/api/getUserAssortPrice/trader/5ac3b934156ae10c4430e83c
[2429.53s] [AID015919146370226073L4Q][LOCAL] -/client/game/profile/items/moving
[2429.53s] [SUCCESS]-Items taken. Status OK.
[2429.53s] [SUCCESS]-Bought item: 5ece83c101e14e770d582984
[2429.59s] [AID015919146370226073L4Q][LOCAL] -/client/trading/api/getTraderAssort/5ac3b934156ae10c4430e83c
[2429.63s] [AID015919146370226073L4Q][LOCAL] -/client/trading/api/getUserAssortPrice/trader/5ac3b934156ae10c4430e83c
[2429.88s] [AID015919146370226073L4Q][LOCAL] -/client/trading/api/getTrader/579dc571d53a0658a154fbec
[2429.90s] [AID015919146370226073L4Q][LOCAL] -/client/trading/api/getTrader/5935c25fb3acc3127c3d8cd9
[2429.90s] [AID015919146370226073L4Q][LOCAL] -/client/trading/api/getTrader/5c0647fdd443bc2504c2d371
[2429.93s] [AID015919146370226073L4Q][LOCAL] -/client/trading/api/getTrader/54cb57776803fa99248b456e
[2445.24s] [AID015919146370226073L4Q][LOCAL] -/client/game/profile/items/moving
[2446.04s] [AID015919146370226073L4Q][LOCAL] -/client/trading/api/getTrader/54cb57776803fa99248b456e
[2446.07s] [AID015919146370226073L4Q][LOCAL] -/client/trading/api/getTrader/5c0647fdd443bc2504c2d371
[2446.07s] [AID015919146370226073L4Q][LOCAL] -/client/trading/api/getTrader/5935c25fb3acc3127c3d8cd9
[2446.10s] [AID015919146370226073L4Q][LOCAL] -/client/trading/api/getTrader/579dc571d53a0658a154fbec
[2446.83s] [AID015919146370226073L4Q][LOCAL] -/client/trading/api/getTraderAssort/54cb50c76803fa8b248b4571
[2446.88s] [AID015919146370226073L4Q][LOCAL] -/client/trading/api/getUserAssortPrice/trader/54cb50c76803fa8b248b4571
[2471.15s] [AID015919146370226073L4Q][LOCAL] -/client/game/profile/items/moving
[2471.30s] [SUCCESS]-Items taken. Status OK.
[2471.30s] [SUCCESS]-Bought item: 5eeca645bfed7142cb310319
[2471.36s] [AID015919146370226073L4Q][LOCAL] -/client/trading/api/getTraderAssort/54cb50c76803fa8b248b4571
[2471.43s] [AID015919146370226073L4Q][LOCAL] -/client/trading/api/getUserAssortPrice/trader/54cb50c76803fa8b248b4571
[2472.16s] [AID015919146370226073L4Q][LOCAL] -/client/trading/api/getTrader/579dc571d53a0658a154fbec
[2472.18s] [AID015919146370226073L4Q][LOCAL] -/client/trading/api/getTrader/54cb57776803fa99248b456e
[2472.19s] [AID015919146370226073L4Q][LOCAL] -/client/trading/api/getTrader/5c0647fdd443bc2504c2d371
[2472.21s] [AID015919146370226073L4Q][LOCAL] -/client/trading/api/getTrader/5935c25fb3acc3127c3d8cd9
[2474.87s] [AID015919146370226073L4Q][LOCAL] -/client/game/profile/items/moving
[2475.46s] [AID015919146370226073L4Q][LOCAL] -/client/game/profile/items/moving
[2476.19s] [AID015919146370226073L4Q][LOCAL] -/client/game/profile/items/moving
[2477.23s] [AID015919146370226073L4Q][LOCAL] -/client/game/profile/items/moving
[2478.09s] [AID015919146370226073L4Q][LOCAL] -/client/game/profile/items/moving
[2494.04s] [AID015919146370226073L4Q][LOCAL] -/client/game/profile/items/moving
[2497.20s] [LOCAL] -/singleplayer/settings/raid/menu
[2502.72s] [AID015919146370226073L4Q][LOCAL] -/client/insurance/items/list/cost
[2531.99s] [LOCAL] -/singleplayer/settings/bot/limit/followerGluharAssault
[2532.00s] [LOCAL] -/singleplayer/settings/bot/limit/followerGluharAssault
[2532.02s] [AID015919146370226073L4Q][LOCAL] -/client/game/bot/generate
[2923.44s] [AID015919146370226073L4Q][LOCAL] -/raid/profile/save
[2923.44s] [ERROR]-insurance Disabled!! cause of varaible undefined or file not found. Check line 249-250 at src/classes/offraid.js
[2923.44s] [ERROR]-Disabling: Remove map key on entering, cause of offraid_f.handler.players[sessionID] is undefined
[2925.95s] [AID015919146370226073L4Q][LOCAL] -/client/game/profile/list
[2946.92s] [AID015919146370226073L4Q][LOCAL] -/client/trading/api/getTradersList
[2948.46s] [AID015919146370226073L4Q][LOCAL] -/client/game/profile/items/moving
[2948.46s] [SUCCESS]-Items taken. Status OK.
[2951.88s] [AID015919146370226073L4Q][LOCAL] -/client/items
[2957.07s] [AID015919146370226073L4Q][LOCAL] -/client/customization
[2957.07s] [AID015919146370226073L4Q][LOCAL] -/client/globals
[2957.26s] [AID015919146370226073L4Q][LOCAL] -/client/game/profile/list
[2957.35s] [AID015919146370226073L4Q][LOCAL] -/client/game/profile/select
[2957.40s] [AID015919146370226073L4Q][LOCAL] -/client/profile/status
[2957.46s] [AID015919146370226073L4Q][LOCAL] -/client/game/profile/select
[2957.46s] [AID015919146370226073L4Q][LOCAL] -/client/locations
[2957.49s] [AID015919146370226073L4Q][LOCAL] -/client/weather
[2957.52s] [AID015919146370226073L4Q][LOCAL] -/client/profile/status
[2957.78s] [AID015919146370226073L4Q][LOCAL] -/client/handbook/templates
[2962.53s] [AID015919146370226073L4Q][LOCAL] -/client/hideout/areas
[2962.63s] [AID015919146370226073L4Q][LOCAL] -/client/hideout/settings
[2962.71s] [AID015919146370226073L4Q][LOCAL] -/client/hideout/production/recipes
[2962.77s] [AID015919146370226073L4Q][LOCAL] -/client/hideout/production/scavcase/recipes
[2962.82s] [AID015919146370226073L4Q][LOCAL] -/client/handbook/builds/my/list
[2962.86s] [AID015919146370226073L4Q][LOCAL] -/client/quest/list
[2963.21s] [AID015919146370226073L4Q][LOCAL] -/client/notifier/channel/create
[2964.06s] [AID015919146370226073L4Q][LOCAL] -/client/mail/dialog/list
[2964.10s] [AID015919146370226073L4Q][LOCAL] -/client/friend/request/list/inbox
[2964.10s] [AID015919146370226073L4Q][LOCAL] -/client/friend/list
[2964.10s] [AID015919146370226073L4Q][LOCAL] -/client/friend/request/list/outbox
[2964.10s] [AID015919146370226073L4Q][LOCAL] -/client/trading/customization/storage
[2964.10s] [AID015919146370226073L4Q][LOCAL] -/client/profile/status
[2964.19s] [AID015919146370226073L4Q][LOCAL] -/client/server/list
[2964.19s] [AID015919146370226073L4Q][LOCAL] -/client/trading/api/getTradersList
[2964.26s] [AID015919146370226073L4Q][LOCAL] -/client/checkVersion
[2968.93s] [AID015919146370226073L4Q][LOCAL] -/client/game/profile/items/moving
[2970.20s] [AID015919146370226073L4Q][LOCAL] -/client/game/logout
