[0.05s] [ERROR]-Missing files! Rebuilding cache required!
[0.06s] [WARNING]-Rebuilding cache system
[0.48s] [WARNING]-Mod TheMaoci-AllItemsExamined-1.0.0 not installed, adding it to the modlist
[0.54s] [SUCCESS]-Create: Static Response Callbacks
[0.55s] [SUCCESS]-Create: Dynamic Response Callbacks
[0.56s] [SUCCESS]-Create: Cache Callback
[0.56s] [SUCCESS]-Create: Start Callback
[0.56s] [SUCCESS]-Create: Receive Callback
[0.57s] [SUCCESS]-Create: Respond Callback
[0.57s] [SUCCESS]-Create: Classes as global variables
[0.59s] [SUCCESS]-Create: Item Action Callbacks
[0.60s] -┌────────────────────────┐
[0.60s] -│ JustEmuTarkov 1.0.3    │
[0.60s] -│ « discord.gg/T66tGKa » │
[0.60s] -└────────────────────────┘
[3.70s] [SUCCESS]-[MOD] AllItemsExamined; Applied
[3.72s] [SUCCESS]-Server is working at: https://127.0.0.1:443
[10.41s] [LOCAL] -/launcher/server/connect
[14.80s] [LOCAL] -/launcher/profile/login
[14.80s] [LOCAL] -/launcher/profile/get
[21.09s] [LOCAL] -/singleplayer/bundles
[21.27s] [LOCAL] -/mode/offline
[32.45s] [AID8131647517931710690RF][LOCAL] -/client/game/start
[32.49s] [AID8131647517931710690RF][LOCAL] -/client/menu/locale/en
[32.59s] [AID8131647517931710690RF][LOCAL] -/client/game/version/validate
[32.60s] [AID8131647517931710690RF][LOCAL] -/client/languages
[32.64s] [AID8131647517931710690RF][LOCAL] -/client/game/config
[34.81s] [AID8131647517931710690RF][LOCAL] -/client/items
[46.59s] [AID8131647517931710690RF][LOCAL] -/client/customization
[46.64s] [AID8131647517931710690RF][LOCAL] -/client/globals
[48.03s] [AID8131647517931710690RF][LOCAL] -/client/game/profile/list
[49.10s] [AID8131647517931710690RF][LOCAL] -/client/game/profile/select
[49.12s] [AID8131647517931710690RF][LOCAL] -/client/profile/status
[49.16s] [AID8131647517931710690RF][LOCAL] -/client/weather
[49.16s] [AID8131647517931710690RF][LOCAL] -/client/locale/en
[49.19s] [AID8131647517931710690RF][LOCAL] -/client/locations
[49.21s] [AID8131647517931710690RF][LOCAL] -/client/game/profile/select
[49.42s] [AID8131647517931710690RF][LOCAL] -/client/profile/status
[50.02s] [AID8131647517931710690RF][LOCAL] -/client/handbook/templates
[56.37s] [AID8131647517931710690RF][LOCAL] -/client/hideout/areas
[56.76s] [AID8131647517931710690RF][LOCAL] -/client/hideout/settings
[57.09s] [AID8131647517931710690RF][LOCAL] -/client/hideout/production/recipes
[57.59s] [AID8131647517931710690RF][LOCAL] -/client/hideout/production/scavcase/recipes
[57.68s] [AID8131647517931710690RF][LOCAL] -/client/handbook/builds/my/list
[57.99s] [AID8131647517931710690RF][LOCAL] -/client/quest/list
[58.90s] [AID8131647517931710690RF][LOCAL] -/client/notifier/channel/create
[59.84s] [AID8131647517931710690RF][LOCAL] -/client/mail/dialog/list
[59.85s] [AID8131647517931710690RF][LOCAL] -/client/friend/list
[59.86s] [AID8131647517931710690RF][LOCAL] -/client/friend/request/list/outbox
[59.86s] [AID8131647517931710690RF][LOCAL] -/client/friend/request/list/inbox
[59.88s] [AID8131647517931710690RF][LOCAL] -/client/profile/status
[59.88s] [AID8131647517931710690RF][LOCAL] -/client/trading/customization/storage
[59.97s] [AID8131647517931710690RF][LOCAL] -/client/server/list
[59.97s] [AID8131647517931710690RF][LOCAL] -/client/trading/api/getTradersList
[60.15s] [AID8131647517931710690RF][LOCAL] -/client/checkVersion
[82.55s] [AID8131647517931710690RF][LOCAL] -/client/game/logout
