[0.09s] [SUCCESS]-Create: Static Response Callbacks
[0.10s] [SUCCESS]-Create: Dynamic Response Callbacks
[0.11s] [SUCCESS]-Create: Cache Callback
[0.11s] [SUCCESS]-Create: Start Callback
[0.12s] [SUCCESS]-Create: Receive Callback
[0.12s] [SUCCESS]-Create: Respond Callback
[0.12s] [SUCCESS]-Create: Classes as global variables
[0.13s] [SUCCESS]-Create: Item Action Callbacks
[0.14s] -┌────────────────────────┐
[0.14s] -│ JustEmuTarkov 1.0.3    │
[0.14s] -│ « discord.gg/T66tGKa » │
[0.14s] -└────────────────────────┘
[0.80s] [SUCCESS]-[MOD] AllItemsExamined; Applied
[1.65s] [SUCCESS]-[MOD] LootFix; Applied
[1.67s] [SUCCESS]-Server is working at: https://127.0.0.1:443
[63.82s] [LOCAL] -/launcher/server/connect
[65.59s] [LOCAL] -/launcher/profile/login
[65.59s] [LOCAL] -/launcher/profile/get
[70.57s] [LOCAL] -/singleplayer/bundles
[70.75s] [LOCAL] -/mode/offline
[82.01s] [AID014120227198547857TH6][LOCAL] -/client/game/start
[82.06s] [AID014120227198547857TH6][LOCAL] -/client/menu/locale/en
[82.11s] [AID014120227198547857TH6][LOCAL] -/client/game/version/validate
[82.15s] [AID014120227198547857TH6][LOCAL] -/client/languages
[82.19s] [AID014120227198547857TH6][LOCAL] -/client/game/config
[83.07s] [AID014120227198547857TH6][LOCAL] -/client/items
[92.42s] [AID014120227198547857TH6][LOCAL] -/client/customization
[92.51s] [AID014120227198547857TH6][LOCAL] -/client/globals
[93.28s] [AID014120227198547857TH6][LOCAL] -/client/game/profile/list
[94.03s] [AID014120227198547857TH6][LOCAL] -/client/game/profile/select
[94.06s] [AID014120227198547857TH6][LOCAL] -/client/profile/status
[94.11s] [AID014120227198547857TH6][LOCAL] -/client/weather
[94.13s] [AID014120227198547857TH6][LOCAL] -/client/locale/en
[94.13s] [AID014120227198547857TH6][LOCAL] -/client/locations
[94.17s] [AID014120227198547857TH6][LOCAL] -/client/game/profile/select
[94.23s] [AID014120227198547857TH6][LOCAL] -/client/profile/status
[95.06s] [AID014120227198547857TH6][LOCAL] -/client/handbook/templates
[100.22s] [AID014120227198547857TH6][LOCAL] -/client/hideout/areas
[100.55s] [AID014120227198547857TH6][LOCAL] -/client/hideout/settings
[100.59s] [AID014120227198547857TH6][LOCAL] -/client/hideout/production/recipes
[100.67s] [AID014120227198547857TH6][LOCAL] -/client/hideout/production/scavcase/recipes
[100.74s] [AID014120227198547857TH6][LOCAL] -/client/handbook/builds/my/list
[100.80s] [AID014120227198547857TH6][LOCAL] -/client/quest/list
[101.75s] [AID014120227198547857TH6][LOCAL] -/client/notifier/channel/create
[102.77s] [AID014120227198547857TH6][LOCAL] -/client/mail/dialog/list
[102.80s] [AID014120227198547857TH6][LOCAL] -/client/trading/customization/storage
[102.80s] [AID014120227198547857TH6][LOCAL] -/client/friend/list
[102.80s] [AID014120227198547857TH6][LOCAL] -/client/friend/request/list/inbox
[102.80s] [AID014120227198547857TH6][LOCAL] -/client/friend/request/list/outbox
[102.80s] [AID014120227198547857TH6][LOCAL] -/client/profile/status
[102.93s] [AID014120227198547857TH6][LOCAL] -/client/server/list
[102.93s] [AID014120227198547857TH6][LOCAL] -/client/trading/api/getTradersList
[103.07s] [AID014120227198547857TH6][LOCAL] -/client/checkVersion
[154.80s] [AID014120227198547857TH6][LOCAL] -/client/game/logout
