[0.09s] [SUCCESS]-Create: Static Response Callbacks
[0.10s] [SUCCESS]-Create: Dynamic Response Callbacks
[0.11s] [SUCCESS]-Create: Cache Callback
[0.11s] [SUCCESS]-Create: Start Callback
[0.11s] [SUCCESS]-Create: Receive Callback
[0.11s] [SUCCESS]-Create: Respond Callback
[0.11s] [SUCCESS]-Create: Classes as global variables
[0.13s] [SUCCESS]-Create: Item Action Callbacks
[0.13s] -┌────────────────────────┐
[0.13s] -│ JustEmuTarkov 1.0.3    │
[0.13s] -│ « discord.gg/T66tGKa » │
[0.14s] -└────────────────────────┘
[0.89s] [SUCCESS]-[MOD] AllItemsExamined; Applied
[1.78s] [SUCCESS]-[MOD] LootFix; Applied
[1.81s] [SUCCESS]-Server is working at: https://127.0.0.1:443
[5.10s] [LOCAL] -/launcher/server/connect
[13.51s] [LOCAL] -/launcher/profile/register
[13.52s] [LOCAL] -/launcher/profile/login
[13.52s] [LOCAL] -/launcher/profile/get
[14.04s] [AID014120227198547857TH6][LOCAL] -/launcher/profile/login
[14.05s] [AID014120227198547857TH6][LOCAL] -/launcher/profile/get
[22.51s] [LOCAL] -/singleplayer/bundles
[22.69s] [LOCAL] -/mode/offline
[35.11s] [AID014120227198547857TH6][LOCAL] -/client/game/start
[35.12s] [WARNING]-New account login!
[35.17s] [AID014120227198547857TH6][LOCAL] -/client/menu/locale/en
[35.22s] [AID014120227198547857TH6][LOCAL] -/client/game/version/validate
[35.25s] [AID014120227198547857TH6][LOCAL] -/client/languages
[35.30s] [AID014120227198547857TH6][LOCAL] -/client/game/config
[36.22s] [AID014120227198547857TH6][LOCAL] -/client/items
[45.64s] [AID014120227198547857TH6][LOCAL] -/client/customization
[45.66s] [AID014120227198547857TH6][LOCAL] -/client/globals
[46.45s] [AID014120227198547857TH6][LOCAL] -/client/game/profile/list
[46.52s] [AID014120227198547857TH6][LOCAL] -/client/locale/en
[47.30s] [AID014120227198547857TH6][LOCAL] -/client/locale/ru
[47.59s] [AID014120227198547857TH6][LOCAL] -/client/locale/ge
[48.00s] [AID014120227198547857TH6][LOCAL] -/client/locale/fr
[51.46s] [AID014120227198547857TH6][LOCAL] -/client/game/profile/nickname/reserved
[55.88s] [AID014120227198547857TH6][LOCAL] -/client/game/profile/nickname/validate
[57.93s] [AID014120227198547857TH6][LOCAL] -/client/game/profile/create
[58.04s] [AID014120227198547857TH6][LOCAL] -/client/weather
[58.05s] [AID014120227198547857TH6][LOCAL] -/client/locations
[58.08s] [AID014120227198547857TH6][LOCAL] -/client/game/profile/list
[58.63s] [AID014120227198547857TH6][LOCAL] -/client/game/profile/select
[58.67s] [AID014120227198547857TH6][LOCAL] -/client/profile/status
[58.90s] [AID014120227198547857TH6][LOCAL] -/client/handbook/templates
[64.17s] [AID014120227198547857TH6][LOCAL] -/client/hideout/areas
[64.71s] [AID014120227198547857TH6][LOCAL] -/client/hideout/settings
[64.93s] [AID014120227198547857TH6][LOCAL] -/client/hideout/production/recipes
[65.01s] [AID014120227198547857TH6][LOCAL] -/client/hideout/production/scavcase/recipes
[65.10s] [AID014120227198547857TH6][LOCAL] -/client/handbook/builds/my/list
[65.16s] [AID014120227198547857TH6][LOCAL] -/client/quest/list
[66.71s] [AID014120227198547857TH6][LOCAL] -/client/notifier/channel/create
[67.75s] [AID014120227198547857TH6][LOCAL] -/client/mail/dialog/list
[67.77s] [AID014120227198547857TH6][LOCAL] -/client/friend/list
[67.78s] [AID014120227198547857TH6][LOCAL] -/client/friend/request/list/inbox
[67.78s] [AID014120227198547857TH6][LOCAL] -/client/profile/status
[67.80s] [AID014120227198547857TH6][LOCAL] -/client/friend/request/list/outbox
[67.81s] [AID014120227198547857TH6][LOCAL] -/client/trading/customization/storage
[67.96s] [AID014120227198547857TH6][LOCAL] -/client/server/list
[67.96s] [AID014120227198547857TH6][LOCAL] -/client/trading/api/getTradersList
[68.09s] [AID014120227198547857TH6][LOCAL] -/client/checkVersion
[72.83s] [AID014120227198547857TH6][LOCAL] -/client/trading/api/getTrader/54cb50c76803fa8b248b4571
[72.83s] [AID014120227198547857TH6][LOCAL] -/client/trading/api/getTrader/54cb57776803fa99248b456e
[72.83s] [AID014120227198547857TH6][LOCAL] -/client/trading/api/getTrader/579dc571d53a0658a154fbec
[72.83s] [AID014120227198547857TH6][LOCAL] -/client/trading/api/getTrader/5935c25fb3acc3127c3d8cd9
[72.83s] [AID014120227198547857TH6][LOCAL] -/client/trading/api/getTrader/5ac3b934156ae10c4430e83c
[72.83s] [AID014120227198547857TH6][LOCAL] -/client/trading/api/getTrader/58330581ace78e27b8b10cee
[72.84s] [AID014120227198547857TH6][LOCAL] -/client/trading/api/getTrader/5c0647fdd443bc2504c2d371
[72.84s] [AID014120227198547857TH6][LOCAL] -/client/trading/api/getTrader/5a7c2eca46aef81a7ca2145d
[76.97s] [AID014120227198547857TH6][LOCAL] -/client/trading/api/getTraderAssort/54cb50c76803fa8b248b4571
[77.06s] [AID014120227198547857TH6][LOCAL] -/client/trading/api/getUserAssortPrice/trader/54cb50c76803fa8b248b4571
[98.98s] [AID014120227198547857TH6][LOCAL] -/client/game/profile/items/moving
[102.55s] [AID014120227198547857TH6][LOCAL] -/client/trading/api/getTrader/579dc571d53a0658a154fbec
[102.59s] [AID014120227198547857TH6][LOCAL] -/client/trading/api/getTrader/54cb57776803fa99248b456e
[102.59s] [AID014120227198547857TH6][LOCAL] -/client/trading/api/getTrader/58330581ace78e27b8b10cee
[102.59s] [AID014120227198547857TH6][LOCAL] -/client/trading/api/getTrader/5935c25fb3acc3127c3d8cd9
[102.59s] [AID014120227198547857TH6][LOCAL] -/client/trading/api/getTrader/54cb50c76803fa8b248b4571
[102.59s] [AID014120227198547857TH6][LOCAL] -/client/trading/api/getTrader/5ac3b934156ae10c4430e83c
[102.59s] [AID014120227198547857TH6][LOCAL] -/client/trading/api/getTrader/5a7c2eca46aef81a7ca2145d
[102.59s] [AID014120227198547857TH6][LOCAL] -/client/trading/api/getTrader/5c0647fdd443bc2504c2d371
[103.57s] [AID014120227198547857TH6][LOCAL] -/client/trading/api/getTraderAssort/5a7c2eca46aef81a7ca2145d
[103.67s] [AID014120227198547857TH6][LOCAL] -/client/trading/api/getUserAssortPrice/trader/5a7c2eca46aef81a7ca2145d
[106.49s] [AID014120227198547857TH6][LOCAL] -/client/trading/api/getTraderAssort/5ac3b934156ae10c4430e83c
[106.53s] [AID014120227198547857TH6][LOCAL] -/client/trading/api/getUserAssortPrice/trader/5ac3b934156ae10c4430e83c
[108.64s] [AID014120227198547857TH6][LOCAL] -/client/trading/api/getTrader/5ac3b934156ae10c4430e83c
[110.39s] [AID014120227198547857TH6][LOCAL] -/client/game/profile/items/moving
[113.11s] [AID014120227198547857TH6][LOCAL] -/client/game/profile/items/moving
[115.91s] [AID014120227198547857TH6][LOCAL] -/client/game/profile/items/moving
[120.08s] [AID014120227198547857TH6][LOCAL] -/client/trading/api/getTrader/58330581ace78e27b8b10cee
[120.11s] [AID014120227198547857TH6][LOCAL] -/client/trading/api/getTrader/54cb50c76803fa8b248b4571
[120.12s] [AID014120227198547857TH6][LOCAL] -/client/trading/api/getTrader/579dc571d53a0658a154fbec
[120.12s] [AID014120227198547857TH6][LOCAL] -/client/trading/api/getTrader/54cb57776803fa99248b456e
[120.12s] [AID014120227198547857TH6][LOCAL] -/client/trading/api/getTrader/5a7c2eca46aef81a7ca2145d
[120.12s] [AID014120227198547857TH6][LOCAL] -/client/trading/api/getTrader/5ac3b934156ae10c4430e83c
[120.12s] [AID014120227198547857TH6][LOCAL] -/client/trading/api/getTrader/5935c25fb3acc3127c3d8cd9
[120.12s] [AID014120227198547857TH6][LOCAL] -/client/trading/api/getTrader/5c0647fdd443bc2504c2d371
[120.84s] [AID014120227198547857TH6][LOCAL] -/client/trading/api/getTraderAssort/54cb57776803fa99248b456e
[120.88s] [AID014120227198547857TH6][LOCAL] -/client/trading/api/getUserAssortPrice/trader/54cb57776803fa99248b456e
[138.68s] [AID014120227198547857TH6][LOCAL] -/client/trading/api/getTrader/54cb57776803fa99248b456e
[140.40s] [AID014120227198547857TH6][LOCAL] -/client/game/profile/items/moving
[150.58s] [AID014120227198547857TH6][LOCAL] -/client/trading/api/getTrader/579dc571d53a0658a154fbec
[150.58s] [AID014120227198547857TH6][LOCAL] -/client/trading/api/getTrader/54cb50c76803fa8b248b4571
[150.58s] [AID014120227198547857TH6][LOCAL] -/client/trading/api/getTrader/54cb57776803fa99248b456e
[150.59s] [AID014120227198547857TH6][LOCAL] -/client/trading/api/getTrader/5935c25fb3acc3127c3d8cd9
[150.59s] [AID014120227198547857TH6][LOCAL] -/client/trading/api/getTrader/5c0647fdd443bc2504c2d371
[150.59s] [AID014120227198547857TH6][LOCAL] -/client/trading/api/getTrader/58330581ace78e27b8b10cee
[150.59s] [AID014120227198547857TH6][LOCAL] -/client/trading/api/getTrader/5ac3b934156ae10c4430e83c
[150.59s] [AID014120227198547857TH6][LOCAL] -/client/trading/api/getTrader/5a7c2eca46aef81a7ca2145d
[154.27s] [AID014120227198547857TH6][LOCAL] -/client/game/profile/items/moving
[154.29s] [AID014120227198547857TH6][LOCAL] -/client/game/logout
