[0.09s] [SUCCESS]-Create: Static Response Callbacks
[0.10s] [SUCCESS]-Create: Dynamic Response Callbacks
[0.11s] [SUCCESS]-Create: Cache Callback
[0.12s] [SUCCESS]-Create: Start Callback
[0.12s] [SUCCESS]-Create: Receive Callback
[0.12s] [SUCCESS]-Create: Respond Callback
[0.12s] [SUCCESS]-Create: Classes as global variables
[0.14s] [SUCCESS]-Create: Item Action Callbacks
[0.14s] -┌────────────────────────┐
[0.14s] -│ JustEmuTarkov 1.0.3    │
[0.14s] -│ « discord.gg/T66tGKa » │
[0.14s] -└────────────────────────┘
[0.84s] [SUCCESS]-[MOD] AllItemsExamined; Applied
[1.75s] [SUCCESS]-[MOD] LootFix; Applied
[1.77s] [SUCCESS]-Server is working at: https://127.0.0.1:443
[5.03s] [LOCAL] -/launcher/server/connect
[6.43s] [LOCAL] -/launcher/profile/login
[6.44s] [LOCAL] -/launcher/profile/get
[11.81s] [LOCAL] -/singleplayer/bundles
[12.01s] [LOCAL] -/mode/offline
[23.97s] [AID014120227198547857TH6][LOCAL] -/client/game/start
[24.03s] [AID014120227198547857TH6][LOCAL] -/client/menu/locale/en
[24.08s] [AID014120227198547857TH6][LOCAL] -/client/game/version/validate
[24.11s] [AID014120227198547857TH6][LOCAL] -/client/languages
[24.15s] [AID014120227198547857TH6][LOCAL] -/client/game/config
[25.14s] [AID014120227198547857TH6][LOCAL] -/client/items
[35.47s] [AID014120227198547857TH6][LOCAL] -/client/customization
[35.55s] [AID014120227198547857TH6][LOCAL] -/client/globals
[36.43s] [AID014120227198547857TH6][LOCAL] -/client/game/profile/list
[37.33s] [AID014120227198547857TH6][LOCAL] -/client/game/profile/select
[37.36s] [AID014120227198547857TH6][LOCAL] -/client/profile/status
[37.42s] [AID014120227198547857TH6][LOCAL] -/client/weather
[37.46s] [AID014120227198547857TH6][LOCAL] -/client/locale/en
[37.46s] [AID014120227198547857TH6][LOCAL] -/client/locations
[37.50s] [AID014120227198547857TH6][LOCAL] -/client/game/profile/select
[37.55s] [AID014120227198547857TH6][LOCAL] -/client/profile/status
[38.51s] [AID014120227198547857TH6][LOCAL] -/client/handbook/templates
[43.95s] [AID014120227198547857TH6][LOCAL] -/client/hideout/areas
[44.41s] [AID014120227198547857TH6][LOCAL] -/client/hideout/settings
[44.46s] [AID014120227198547857TH6][LOCAL] -/client/hideout/production/recipes
[44.54s] [AID014120227198547857TH6][LOCAL] -/client/hideout/production/scavcase/recipes
[44.66s] [AID014120227198547857TH6][LOCAL] -/client/handbook/builds/my/list
[44.72s] [AID014120227198547857TH6][LOCAL] -/client/quest/list
[45.82s] [AID014120227198547857TH6][LOCAL] -/client/notifier/channel/create
[46.95s] [AID014120227198547857TH6][LOCAL] -/client/mail/dialog/list
[46.98s] [AID014120227198547857TH6][LOCAL] -/client/friend/list
[46.98s] [AID014120227198547857TH6][LOCAL] -/client/friend/request/list/inbox
[46.98s] [AID014120227198547857TH6][LOCAL] -/client/profile/status
[47.01s] [AID014120227198547857TH6][LOCAL] -/client/friend/request/list/outbox
[47.02s] [AID014120227198547857TH6][LOCAL] -/client/trading/customization/storage
[47.17s] [AID014120227198547857TH6][LOCAL] -/client/server/list
[47.18s] [AID014120227198547857TH6][LOCAL] -/client/trading/api/getTradersList
[48.34s] [AID014120227198547857TH6][LOCAL] -/client/checkVersion
[65.36s] [AID014120227198547857TH6][LOCAL] -/client/game/logout
